[2026-02-19 11:58:12] ============================================================
[2026-02-19 11:58:12] THE BEAST WATCHDOG — Starting check
[2026-02-19 11:58:12] ============================================================
[2026-02-19 11:58:12] [ERROR] Failed to check process status: [WinError 2] The system cannot find the file specified
[2026-02-19 11:59:06] ============================================================
[2026-02-19 11:59:06] THE BEAST WATCHDOG - Starting check
[2026-02-19 11:59:06] ============================================================
[2026-02-19 11:59:06] [WATCHDOG] Bot is running correctly [OK]
[2026-02-19 12:13:09] ============================================================
[2026-02-19 12:13:09] THE BEAST WATCHDOG - Starting check
[2026-02-19 12:13:09] ============================================================
[2026-02-19 12:13:10] [WATCHDOG] Bot is running correctly [OK]
[2026-02-19 12:28:06] ============================================================
[2026-02-19 12:28:06] THE BEAST WATCHDOG - Starting check
[2026-02-19 12:28:06] ============================================================
[2026-02-19 12:28:06] [WATCHDOG] Bot is running correctly [OK]
[2026-02-19 12:43:06] ============================================================
[2026-02-19 12:43:06] THE BEAST WATCHDOG - Starting check
[2026-02-19 12:43:06] ============================================================
[2026-02-19 12:43:07] [WATCHDOG] Bot is running correctly [OK]
[2026-02-19 12:58:08] ============================================================
[2026-02-19 12:58:08] THE BEAST WATCHDOG - Check started
[2026-02-19 12:58:08] ============================================================
[2026-02-19 12:58:08] [WATCHDOG] Bot runner is running correctly [OK]
[2026-02-19 13:43:07] ============================================================
[2026-02-19 13:43:07] THE BEAST WATCHDOG - Check started
[2026-02-19 13:43:07] ============================================================
[2026-02-19 13:43:07] [WATCHDOG] Bot runner not running! Restarting...
[2026-02-19 13:43:07] [WATCHDOG] Runner restarted with PID: 17892
[2026-02-19 13:43:07] [WATCHDOG] Runner restarted successfully [OK]
[2026-02-19 13:58:07] ============================================================
[2026-02-19 13:58:07] THE BEAST WATCHDOG - Check started
[2026-02-19 13:58:07] ============================================================
[2026-02-19 13:58:08] [WATCHDOG] Bot runner not running! Restarting...
[2026-02-19 13:58:08] [WATCHDOG] Runner restarted with PID: 25688
[2026-02-19 13:58:08] [WATCHDOG] Runner restarted successfully [OK]
[2026-02-19 14:14:33] ============================================================
[2026-02-19 14:14:33] THE BEAST WATCHDOG - Check started
[2026-02-19 14:14:33] ============================================================
[2026-02-19 14:14:33] [WATCHDOG] Bot runner not running! Restarting...
[2026-02-19 14:14:33] [WATCHDOG] Runner restarted with PID: 4472
[2026-02-19 14:14:33] [WATCHDOG] Runner restarted successfully [OK]
[2026-02-19 15:14:46] ============================================================
[2026-02-19 15:14:46] THE BEAST WATCHDOG - Check started
[2026-02-19 15:14:46] ============================================================
[2026-02-19 15:14:46] [WATCHDOG] Bot runner not running! Restarting...
[2026-02-19 15:14:46] [WATCHDOG] Runner restarted with PID: 21876
[2026-02-19 15:14:46] [WATCHDOG] Runner restarted successfully [OK]
[2026-02-19 15:28:19] ============================================================
[2026-02-19 15:28:19] THE BEAST WATCHDOG - Check started
[2026-02-19 15:28:19] ============================================================
[2026-02-19 15:28:19] [WATCHDOG] Bot runner not running! Restarting...
[2026-02-19 15:28:19] [WATCHDOG] Runner restarted with PID: 26216
[2026-02-19 15:28:19] [WATCHDOG] Runner restarted successfully [OK]
[2026-02-19 15:43:08] ============================================================
[2026-02-19 15:43:08] THE BEAST WATCHDOG - Check started
[2026-02-19 15:43:08] ============================================================
[2026-02-19 15:43:08] [WATCHDOG] Bot runner is running correctly [OK]
[2026-02-19 15:58:08] ============================================================
[2026-02-19 15:58:08] THE BEAST WATCHDOG - Check started
[2026-02-19 15:58:08] ============================================================
[2026-02-19 15:58:08] [WATCHDOG] Bot runner is running correctly [OK]
[2026-02-19 16:13:11] ============================================================
[2026-02-19 16:13:11] THE BEAST WATCHDOG - Check started
[2026-02-19 16:13:11] ============================================================
[2026-02-19 16:13:11] [WATCHDOG] Bot runner is running correctly [OK]
[2026-02-19 16:28:12] ============================================================
[2026-02-19 16:28:12] THE BEAST WATCHDOG - Check started
[2026-02-19 16:28:12] ============================================================
[2026-02-19 16:28:12] [WATCHDOG] Bot runner is running correctly [OK]
[2026-02-19 16:43:07] ============================================================
[2026-02-19 16:43:07] THE BEAST WATCHDOG - Check started
[2026-02-19 16:43:07] ============================================================
[2026-02-19 16:43:07] [WATCHDOG] Bot runner not running! Restarting...
[2026-02-19 16:43:07] [WATCHDOG] Runner restarted with PID: 21768
[2026-02-19 16:43:07] [WATCHDOG] Runner restarted successfully [OK]
